<?xml version="1.0" encoding="UTF-8"?>
<!-- Generated by org.testng.reporters.JUnitReportReporter -->
<testsuite ignored="0" hostname="DESKTOP-FU6EMRP" failures="0" tests="1" name="iiitd.nrl.evalapp.FacebookTestsP" time="43.274" errors="0" timestamp="20 Aug 2021 10:42:48 GMT" skipped="0">
  <testcase classname="iiitd.nrl.evalapp.FacebookTestsP" name="postGroup" time="43.274"/>
</testsuite> <!-- iiitd.nrl.evalapp.FacebookTestsP -->
