<?xml version="1.0" encoding="UTF-8"?>
<!-- Generated by org.testng.reporters.JUnitReportReporter -->
<testsuite ignored="0" hostname="DESKTOP-FU6EMRP" failures="0" tests="2" name="iiitd.nrl.evalapp.TrakBytesData" time="34.072" errors="0" timestamp="27 Aug 2021 10:13:34 GMT" skipped="0">
  <testcase classname="iiitd.nrl.evalapp.TrakBytesData" name="copyTrakBytes" time="15.291"/>
  <testcase classname="iiitd.nrl.evalapp.TrakBytesData" name="copyTrakBytes" time="18.781"/>
</testsuite> <!-- iiitd.nrl.evalapp.TrakBytesData -->
