<?xml version="1.0" encoding="UTF-8"?>
<!-- Generated by org.testng.reporters.JUnitReportReporter -->
<testsuite ignored="0" hostname="DESKTOP-FU6EMRP" failures="0" tests="1" name="iiitd.nrl.evalapp.WhatsappTests" time="27.080" errors="0" timestamp="06 Sep 2021 14:42:19 GMT" skipped="0">
  <testcase classname="iiitd.nrl.evalapp.WhatsappTests" name="sendMessage" time="27.080"/>
</testsuite> <!-- iiitd.nrl.evalapp.WhatsappTests -->
