<?xml version="1.0" encoding="UTF-8"?>
<!-- Generated by org.testng.reporters.JUnitReportReporter -->
<testsuite ignored="0" hostname="DESKTOP-L1GP92O" failures="0" tests="1" name="iiitd.nrl.evalapp.GooglenewsTests" time="20.462" errors="0" timestamp="27 Apr 2021 18:39:35 GMT" skipped="0">
  <testcase classname="iiitd.nrl.evalapp.GooglenewsTests" name="searchTest" time="20.462"/>
</testsuite> <!-- iiitd.nrl.evalapp.GooglenewsTests -->
