<?xml version="1.0" encoding="UTF-8"?>
<!-- Generated by org.testng.reporters.JUnitReportReporter -->
<testsuite ignored="0" hostname="DESKTOP-FU6EMRP" failures="0" tests="1" name="iiitd.nrl.evalapp.DailyhuntTests" time="30.170" errors="0" timestamp="15 Nov 2021 09:20:53 GMT" skipped="0">
  <testcase classname="iiitd.nrl.evalapp.DailyhuntTests" name="searchNews" time="30.170"/>
</testsuite> <!-- iiitd.nrl.evalapp.DailyhuntTests -->
