<?xml version="1.0" encoding="UTF-8"?>
<!-- Generated by org.testng.reporters.JUnitReportReporter -->
<testsuite ignored="0" hostname="DESKTOP-FU6EMRP" failures="0" tests="1" name="iiitd.nrl.evalapp.FacebookTestsP" time="52.472" errors="0" timestamp="27 Aug 2021 12:32:45 GMT" skipped="0">
  <testcase classname="iiitd.nrl.evalapp.FacebookTestsP" name="postGroup" time="52.472"/>
</testsuite> <!-- iiitd.nrl.evalapp.FacebookTestsP -->
