<?xml version="1.0" encoding="UTF-8"?>
<!-- Generated by org.testng.reporters.JUnitReportReporter -->
<testsuite ignored="0" hostname="prince-Lenovo-Legion" failures="0" tests="2" name="iiitd.nrl.evalapp.FlipkartTests" time="33.372" errors="0" timestamp="22 Oct 2020 10:36:36 GMT" skipped="0">
  <testcase classname="iiitd.nrl.evalapp.FlipkartTests" name="deleteFromCartTest" time="13.322"/>
  <testcase classname="iiitd.nrl.evalapp.FlipkartTests" name="searchTest" time="20.050"/>
</testsuite> <!-- iiitd.nrl.evalapp.FlipkartTests -->
