<?xml version="1.0" encoding="UTF-8"?>
<!-- Generated by org.testng.reporters.JUnitReportReporter -->
<testsuite ignored="0" hostname="DESKTOP-FU6EMRP" failures="0" tests="1" name="iiitd.nrl.evalapp.TrakBytesData" time="19.172" errors="0" timestamp="06 Sep 2021 16:16:09 GMT" skipped="0">
  <testcase classname="iiitd.nrl.evalapp.TrakBytesData" name="copyTrakBytes" time="19.172"/>
</testsuite> <!-- iiitd.nrl.evalapp.TrakBytesData -->
