<?xml version="1.0" encoding="UTF-8"?>
<!-- Generated by org.testng.reporters.JUnitReportReporter -->
<testsuite ignored="0" hostname="DESKTOP-FU6EMRP" failures="0" tests="1" name="iiitd.nrl.evalapp.FacebookTests_search" time="24.815" errors="0" timestamp="07 Oct 2021 11:39:24 GMT" skipped="0">
  <testcase classname="iiitd.nrl.evalapp.FacebookTests_search" name="searchPerson" time="24.815"/>
</testsuite> <!-- iiitd.nrl.evalapp.FacebookTests_search -->
