<?xml version="1.0" encoding="UTF-8"?>
<!-- Generated by org.testng.reporters.JUnitReportReporter -->
<testsuite ignored="0" hostname="prince-Lenovo-Legion" failures="0" tests="1" name="iiitd.nrl.evalapp.AmazonTests" time="54.253" errors="0" timestamp="26 Nov 2020 19:22:34 GMT" skipped="0">
  <testcase classname="iiitd.nrl.evalapp.AmazonTests" name="searchProduct" time="54.253"/>
</testsuite> <!-- iiitd.nrl.evalapp.AmazonTests -->
