<?xml version="1.0" encoding="UTF-8"?>
<!-- Generated by org.testng.reporters.JUnitReportReporter -->
<testsuite ignored="0" hostname="DESKTOP-FU6EMRP" failures="0" tests="1" name="iiitd.nrl.evalapp.TrakBytesUpload" time="17.120" errors="0" timestamp="22 Dec 2021 17:45:37 GMT" skipped="0">
  <testcase classname="iiitd.nrl.evalapp.TrakBytesUpload" name="copyTrakBytes" time="17.120"/>
</testsuite> <!-- iiitd.nrl.evalapp.TrakBytesUpload -->
