<?xml version="1.0" encoding="UTF-8"?>
<!-- Generated by org.testng.reporters.JUnitReportReporter -->
<testsuite ignored="0" hostname="DESKTOP-L1GP92O" failures="0" tests="1" name="iiitd.nrl.evalapp.YouTubeTest_SearchChannel" time="19.132" errors="0" timestamp="03 May 2021 08:37:29 GMT" skipped="0">
  <testcase classname="iiitd.nrl.evalapp.YouTubeTest_SearchChannel" name="channelTest" time="19.132"/>
</testsuite> <!-- iiitd.nrl.evalapp.YouTubeTest_SearchChannel -->
