<?xml version="1.0" encoding="UTF-8"?>
<!-- Generated by org.testng.reporters.JUnitReportReporter -->
<testsuite ignored="0" hostname="DESKTOP-FU6EMRP" failures="0" tests="1" name="iiitd.nrl.evalapp.FlipkartTests" time="40.717" errors="0" timestamp="27 Sep 2021 16:44:18 GMT" skipped="0">
  <testcase classname="iiitd.nrl.evalapp.FlipkartTests" name="getProduct" time="40.717"/>
</testsuite> <!-- iiitd.nrl.evalapp.FlipkartTests -->
