<?xml version="1.0" encoding="UTF-8"?>
<!-- Generated by org.testng.reporters.JUnitReportReporter -->
<testsuite ignored="0" hostname="DESKTOP-FU6EMRP" failures="0" tests="1" name="iiitd.nrl.evalapp.pcapsave" time="16.588" errors="0" timestamp="20 Dec 2021 09:45:32 GMT" skipped="0">
  <testcase classname="iiitd.nrl.evalapp.pcapsave" name="copyTrakBytes" time="16.588"/>
</testsuite> <!-- iiitd.nrl.evalapp.pcapsave -->
