<?xml version="1.0" encoding="UTF-8"?>
<!-- Generated by org.testng.reporters.JUnitReportReporter -->
<testsuite ignored="0" hostname="prince-Lenovo-Legion" failures="0" tests="1" name="iiitd.nrl.evalapp.AmazonPayTest" time="33.852" errors="0" timestamp="22 Oct 2020 10:36:36 GMT" skipped="0">
  <testcase classname="iiitd.nrl.evalapp.AmazonPayTest" name="payUsingAmazonPay" time="33.852"/>
</testsuite> <!-- iiitd.nrl.evalapp.AmazonPayTest -->
