<?xml version="1.0" encoding="UTF-8"?>
<!-- Generated by org.testng.reporters.JUnitReportReporter -->
<testsuite ignored="0" hostname="prince-Lenovo-Legion" failures="0" tests="2" name="iiitd.nrl.evalapp.YouTubeTests" time="41.927" errors="0" timestamp="22 Oct 2020 10:36:36 GMT" skipped="0">
  <testcase classname="iiitd.nrl.evalapp.YouTubeTests" name="channelTest" time="18.673"/>
  <testcase classname="iiitd.nrl.evalapp.YouTubeTests" name="playTest" time="23.254"/>
</testsuite> <!-- iiitd.nrl.evalapp.YouTubeTests -->
