<?xml version="1.0" encoding="UTF-8"?>
<!-- Generated by org.testng.reporters.JUnitReportReporter -->
<testsuite ignored="0" hostname="prince-Lenovo-Legion" failures="0" tests="2" name="iiitd.nrl.evalapp.AmazonTests" time="111.010" errors="0" timestamp="22 Oct 2020 10:36:36 GMT" skipped="0">
  <testcase classname="iiitd.nrl.evalapp.AmazonTests" name="searchTest" time="94.686"/>
  <testcase classname="iiitd.nrl.evalapp.AmazonTests" name="deleteFromCartTest" time="16.324"/>
</testsuite> <!-- iiitd.nrl.evalapp.AmazonTests -->
