<?xml version="1.0" encoding="UTF-8"?>
<!-- Generated by org.testng.reporters.JUnitReportReporter -->
<testsuite ignored="0" hostname="LAPTOP-GLU95BCM" failures="0" tests="2" name="iiitd.nrl.evalapp.YouTubeTests" time="44.685" errors="0" timestamp="25 Nov 2020 08:32:07 GMT" skipped="0">
  <testcase classname="iiitd.nrl.evalapp.YouTubeTests" name="playTest" time="23.990"/>
  <testcase classname="iiitd.nrl.evalapp.YouTubeTests" name="channelTest" time="20.695"/>
</testsuite> <!-- iiitd.nrl.evalapp.YouTubeTests -->
