<?xml version="1.0" encoding="UTF-8"?>
<!-- Generated by org.testng.reporters.JUnitReportReporter -->
<testsuite ignored="0" hostname="prince-Lenovo-Legion" failures="0" tests="1" name="iiitd.nrl.evalapp.PaytmTests" time="25.625" errors="0" timestamp="22 Oct 2020 10:36:36 GMT" skipped="0">
  <testcase classname="iiitd.nrl.evalapp.PaytmTests" name="paySomeone" time="25.625"/>
</testsuite> <!-- iiitd.nrl.evalapp.PaytmTests -->
