<?xml version="1.0" encoding="UTF-8"?>
<!-- Generated by org.testng.reporters.JUnitReportReporter -->
<testsuite ignored="0" hostname="DESKTOP-L1GP92O" failures="0" tests="1" name="iiitd.nrl.evalapp.TelegramTests" time="17.181" errors="0" timestamp="27 Apr 2021 18:39:35 GMT" skipped="0">
  <testcase classname="iiitd.nrl.evalapp.TelegramTests" name="sendMessage" time="17.181"/>
</testsuite> <!-- iiitd.nrl.evalapp.TelegramTests -->
