<?xml version="1.0" encoding="UTF-8"?>
<!-- Generated by org.testng.reporters.JUnitReportReporter -->
<testsuite ignored="0" hostname="prince-Lenovo-Legion" failures="0" tests="4" name="iiitd.nrl.evalapp.LinkedInTests" time="67.720" errors="0" timestamp="22 Oct 2020 10:36:36 GMT" skipped="0">
  <testcase classname="iiitd.nrl.evalapp.LinkedInTests" name="myConnections" time="15.943"/>
  <testcase classname="iiitd.nrl.evalapp.LinkedInTests" name="sendMessage" time="18.103"/>
  <testcase classname="iiitd.nrl.evalapp.LinkedInTests" name="searchPerson" time="18.870"/>
  <testcase classname="iiitd.nrl.evalapp.LinkedInTests" name="viewProfile" time="14.804"/>
</testsuite> <!-- iiitd.nrl.evalapp.LinkedInTests -->
