<?xml version="1.0" encoding="UTF-8"?>
<!-- Generated by org.testng.reporters.JUnitReportReporter -->
<testsuite ignored="0" hostname="DESKTOP-FU6EMRP" failures="0" tests="2" name="iiitd.nrl.evalapp.TrakBytesUpload" time="32.022" errors="0" timestamp="27 Aug 2021 09:59:30 GMT" skipped="0">
  <testcase classname="iiitd.nrl.evalapp.TrakBytesUpload" name="copyTrakBytes" time="16.207"/>
  <testcase classname="iiitd.nrl.evalapp.TrakBytesUpload" name="copyTrakBytes" time="15.815"/>
</testsuite> <!-- iiitd.nrl.evalapp.TrakBytesUpload -->
