<?xml version="1.0" encoding="UTF-8"?>
<!-- Generated by org.testng.reporters.JUnitReportReporter -->
<testsuite ignored="0" hostname="DESKTOP-GOFIGQT" failures="0" tests="1" name="iiitd.nrl.evalapp.PaytmTests" time="38.025" errors="0" timestamp="09 Jan 2021 05:49:44 GMT" skipped="0">
  <testcase classname="iiitd.nrl.evalapp.PaytmTests" name="sendMoneyFromWallet" time="38.025"/>
</testsuite> <!-- iiitd.nrl.evalapp.PaytmTests -->
