<?xml version="1.0" encoding="UTF-8"?>
<!-- Generated by org.testng.reporters.JUnitReportReporter -->
<testsuite ignored="0" hostname="DESKTOP-FU6EMRP" failures="0" tests="1" name="iiitd.nrl.evalapp.FacebookTests_post" time="28.558" errors="0" timestamp="07 Oct 2021 11:39:24 GMT" skipped="0">
  <testcase classname="iiitd.nrl.evalapp.FacebookTests_post" name="postGroup" time="28.558"/>
</testsuite> <!-- iiitd.nrl.evalapp.FacebookTests_post -->
