<?xml version="1.0" encoding="UTF-8"?>
<!-- Generated by org.testng.reporters.JUnitReportReporter -->
<testsuite ignored="0" hostname="DESKTOP-FU6EMRP" failures="0" tests="1" name="iiitd.nrl.evalapp.YouTubeTests_SearchChannel" time="23.803" errors="0" timestamp="27 Sep 2021 16:44:18 GMT" skipped="0">
  <testcase classname="iiitd.nrl.evalapp.YouTubeTests_SearchChannel" name="channelTest" time="23.803"/>
</testsuite> <!-- iiitd.nrl.evalapp.YouTubeTests_SearchChannel -->
