<?xml version="1.0" encoding="UTF-8"?>
<!-- Generated by org.testng.reporters.JUnitReportReporter -->
<testsuite ignored="0" hostname="DESKTOP-FU6EMRP" failures="0" tests="1" name="iiitd.nrl.evalapp.LinkedInTests_profile" time="38.300" errors="0" timestamp="06 Sep 2021 14:42:19 GMT" skipped="0">
  <testcase classname="iiitd.nrl.evalapp.LinkedInTests_profile" name="viewProfile" time="38.300"/>
</testsuite> <!-- iiitd.nrl.evalapp.LinkedInTests_profile -->
