<?xml version="1.0" encoding="UTF-8"?>
<!-- Generated by org.testng.reporters.JUnitReportReporter -->
<testsuite ignored="0" hostname="prince-Lenovo-Legion" failures="0" tests="2" name="iiitd.nrl.evalapp.GooglenewsTests" time="128.868" errors="0" timestamp="22 Oct 2020 10:36:36 GMT" skipped="0">
  <testcase classname="iiitd.nrl.evalapp.GooglenewsTests" name="headlinesTest" time="103.632"/>
  <testcase classname="iiitd.nrl.evalapp.GooglenewsTests" name="searchTest" time="25.236"/>
</testsuite> <!-- iiitd.nrl.evalapp.GooglenewsTests -->
