<?xml version="1.0" encoding="UTF-8"?>
<!-- Generated by org.testng.reporters.JUnitReportReporter -->
<testsuite ignored="0" hostname="DESKTOP-F75ER2M" failures="0" tests="1" name="iiitd.nrl.evalapp.PingUpload" time="0.000" errors="0" timestamp="18 Oct 2021 07:13:09 GMT" skipped="0">
  <testcase classname="iiitd.nrl.evalapp.PingUpload" name="dummyTest" time="0.000"/>
</testsuite> <!-- iiitd.nrl.evalapp.PingUpload -->
