<?xml version="1.0" encoding="UTF-8"?>
<!-- Generated by org.testng.reporters.JUnitReportReporter -->
<testsuite ignored="0" hostname="DESKTOP-FU6EMRP" failures="0" tests="1" name="iiitd.nrl.evalapp.DH_test2" time="48.323" errors="0" timestamp="27 Aug 2021 07:23:35 GMT" skipped="0">
  <testcase classname="iiitd.nrl.evalapp.DH_test2" name="searchNews" time="48.323"/>
</testsuite> <!-- iiitd.nrl.evalapp.DH_test2 -->
