<?xml version="1.0" encoding="UTF-8"?>
<!-- Generated by org.testng.reporters.JUnitReportReporter -->
<testsuite ignored="0" hostname="prince-Lenovo-Legion" failures="0" tests="1" name="iiitd.nrl.evalapp.MobikwikTests" time="30.550" errors="0" timestamp="22 Oct 2020 10:36:36 GMT" skipped="0">
  <testcase classname="iiitd.nrl.evalapp.MobikwikTests" name="SendMoneyFromWallet" time="30.550"/>
</testsuite> <!-- iiitd.nrl.evalapp.MobikwikTests -->
