<?xml version="1.0" encoding="UTF-8"?>
<!-- Generated by org.testng.reporters.JUnitReportReporter -->
<testsuite ignored="0" hostname="DESKTOP-S551KOO" failures="0" tests="1" name="iiitd.nrl.evalapp.MobikwikTests" time="24.283" errors="0" timestamp="27 Mar 2021 11:58:08 GMT" skipped="0">
  <testcase classname="iiitd.nrl.evalapp.MobikwikTests" name="sendMoneyFromWallet" time="24.283"/>
</testsuite> <!-- iiitd.nrl.evalapp.MobikwikTests -->
