<?xml version="1.0" encoding="UTF-8"?>
<!-- Generated by org.testng.reporters.JUnitReportReporter -->
<testsuite ignored="0" hostname="prince-Lenovo-Legion" failures="0" tests="3" name="iiitd.nrl.evalapp.HotstarTests" time="50.449" errors="0" timestamp="22 Oct 2020 10:36:36 GMT" skipped="0">
  <testcase classname="iiitd.nrl.evalapp.HotstarTests" name="addWatchlistTest" time="18.690"/>
  <testcase classname="iiitd.nrl.evalapp.HotstarTests" name="searchTest" time="15.699"/>
  <testcase classname="iiitd.nrl.evalapp.HotstarTests" name="trendingTest" time="16.060"/>
</testsuite> <!-- iiitd.nrl.evalapp.HotstarTests -->
