<?xml version="1.0" encoding="UTF-8"?>
<!-- Generated by org.testng.reporters.JUnitReportReporter -->
<testsuite ignored="0" hostname="DESKTOP-FU6EMRP" failures="0" tests="2" name="iiitd.nrl.evalapp.TrakBytesData" time="38.882" errors="0" timestamp="06 Sep 2021 14:57:03 GMT" skipped="0">
  <testcase classname="iiitd.nrl.evalapp.TrakBytesData" name="copyTrakBytes" time="19.595"/>
  <testcase classname="iiitd.nrl.evalapp.TrakBytesData" name="copyTrakBytes" time="19.287"/>
</testsuite> <!-- iiitd.nrl.evalapp.TrakBytesData -->
