<?xml version="1.0" encoding="UTF-8"?>
<!-- Generated by org.testng.reporters.JUnitReportReporter -->
<testsuite ignored="0" hostname="DESKTOP-FU6EMRP" failures="0" tests="1" name="iiitd.nrl.evalapp.Amazon_Search" time="42.547" errors="0" timestamp="27 Aug 2021 15:02:01 GMT" skipped="0">
  <testcase classname="iiitd.nrl.evalapp.Amazon_Search" name="searchProduct" time="42.547"/>
</testsuite> <!-- iiitd.nrl.evalapp.Amazon_Search -->
