<?xml version="1.0" encoding="UTF-8"?>
<!-- Generated by org.testng.reporters.JUnitReportReporter -->
<testsuite ignored="0" hostname="DESKTOP-FU6EMRP" failures="0" tests="1" name="iiitd.nrl.evalapp.GoogleMapsTest" time="38.272" errors="0" timestamp="06 Sep 2021 17:03:36 GMT" skipped="0">
  <testcase classname="iiitd.nrl.evalapp.GoogleMapsTest" name="searchPlace" time="38.272"/>
</testsuite> <!-- iiitd.nrl.evalapp.GoogleMapsTest -->
