<?xml version="1.0" encoding="UTF-8"?>
<!-- Generated by org.testng.reporters.JUnitReportReporter -->
<testsuite ignored="0" hostname="DESKTOP-FU6EMRP" failures="0" tests="1" name="iiitd.nrl.evalapp.PaytmTests" time="39.381" errors="0" timestamp="07 Oct 2021 13:32:25 GMT" skipped="0">
  <testcase classname="iiitd.nrl.evalapp.PaytmTests" name="sendMoneyFromWallet" time="39.381"/>
</testsuite> <!-- iiitd.nrl.evalapp.PaytmTests -->
