<?xml version="1.0" encoding="UTF-8"?>
<!-- Generated by org.testng.reporters.JUnitReportReporter -->
<testsuite ignored="0" hostname="DESKTOP-FU6EMRP" failures="0" tests="1" name="iiitd.nrl.evalapp.GoogleMapsTest" time="36.877" errors="0" timestamp="14 Nov 2021 15:33:18 GMT" skipped="0">
  <testcase classname="iiitd.nrl.evalapp.GoogleMapsTest" name="searchPlace" time="36.877"/>
</testsuite> <!-- iiitd.nrl.evalapp.GoogleMapsTest -->
