<?xml version="1.0" encoding="UTF-8"?>
<!-- Generated by org.testng.reporters.JUnitReportReporter -->
<testsuite ignored="0" hostname="DESKTOP-FU6EMRP" failures="0" tests="16" name="iiitd.nrl.evalapp.TrakBytesData" time="282.718" errors="0" timestamp="20 Aug 2021 10:42:48 GMT" skipped="0">
  <testcase classname="iiitd.nrl.evalapp.TrakBytesData" name="copyTrakBytes" time="15.198"/>
  <testcase classname="iiitd.nrl.evalapp.TrakBytesData" name="copyTrakBytes" time="29.495"/>
  <testcase classname="iiitd.nrl.evalapp.TrakBytesData" name="copyTrakBytes" time="17.282"/>
  <testcase classname="iiitd.nrl.evalapp.TrakBytesData" name="copyTrakBytes" time="15.509"/>
  <testcase classname="iiitd.nrl.evalapp.TrakBytesData" name="copyTrakBytes" time="15.768"/>
  <testcase classname="iiitd.nrl.evalapp.TrakBytesData" name="copyTrakBytes" time="15.874"/>
  <testcase classname="iiitd.nrl.evalapp.TrakBytesData" name="copyTrakBytes" time="21.275"/>
  <testcase classname="iiitd.nrl.evalapp.TrakBytesData" name="copyTrakBytes" time="17.258"/>
  <testcase classname="iiitd.nrl.evalapp.TrakBytesData" name="copyTrakBytes" time="16.418"/>
  <testcase classname="iiitd.nrl.evalapp.TrakBytesData" name="copyTrakBytes" time="15.984"/>
  <testcase classname="iiitd.nrl.evalapp.TrakBytesData" name="copyTrakBytes" time="19.822"/>
  <testcase classname="iiitd.nrl.evalapp.TrakBytesData" name="copyTrakBytes" time="18.875"/>
  <testcase classname="iiitd.nrl.evalapp.TrakBytesData" name="copyTrakBytes" time="15.345"/>
  <testcase classname="iiitd.nrl.evalapp.TrakBytesData" name="copyTrakBytes" time="17.440"/>
  <testcase classname="iiitd.nrl.evalapp.TrakBytesData" name="copyTrakBytes" time="15.470"/>
  <testcase classname="iiitd.nrl.evalapp.TrakBytesData" name="copyTrakBytes" time="15.705"/>
</testsuite> <!-- iiitd.nrl.evalapp.TrakBytesData -->
