<?xml version="1.0" encoding="UTF-8"?>
<!-- Generated by org.testng.reporters.JUnitReportReporter -->
<testsuite ignored="0" hostname="DESKTOP-FU6EMRP" failures="0" tests="1" name="iiitd.nrl.evalapp.YouTubeTest_SearchChannel" time="38.318" errors="0" timestamp="20 Aug 2021 10:42:48 GMT" skipped="0">
  <testcase classname="iiitd.nrl.evalapp.YouTubeTest_SearchChannel" name="channelTest" time="38.318"/>
</testsuite> <!-- iiitd.nrl.evalapp.YouTubeTest_SearchChannel -->
