<?xml version="1.0" encoding="UTF-8"?>
<!-- Generated by org.testng.reporters.JUnitReportReporter -->
<testsuite ignored="0" hostname="DESKTOP-FU6EMRP" failures="0" tests="1" name="iiitd.nrl.evalapp.Hotstar_SearchVid" time="49.685" errors="0" timestamp="27 Aug 2021 12:32:45 GMT" skipped="0">
  <testcase classname="iiitd.nrl.evalapp.Hotstar_SearchVid" name="searchTest" time="49.685"/>
</testsuite> <!-- iiitd.nrl.evalapp.Hotstar_SearchVid -->
