<?xml version="1.0" encoding="UTF-8"?>
<!-- Generated by org.testng.reporters.JUnitReportReporter -->
<testsuite ignored="0" hostname="DESKTOP-FU6EMRP" failures="0" tests="1" name="iiitd.nrl.evalapp.GooglenewsTests" time="41.314" errors="0" timestamp="06 Sep 2021 14:42:20 GMT" skipped="0">
  <testcase classname="iiitd.nrl.evalapp.GooglenewsTests" name="searchTest" time="41.314"/>
</testsuite> <!-- iiitd.nrl.evalapp.GooglenewsTests -->
