<?xml version="1.0" encoding="UTF-8"?>
<!-- Generated by org.testng.reporters.JUnitReportReporter -->
<testsuite ignored="0" hostname="prince-Lenovo-Legion" failures="0" tests="2" name="iiitd.nrl.evalapp.DailyhuntTests" time="33.608" errors="0" timestamp="22 Oct 2020 10:36:36 GMT" skipped="0">
  <testcase classname="iiitd.nrl.evalapp.DailyhuntTests" name="searchTest" time="17.882"/>
  <testcase classname="iiitd.nrl.evalapp.DailyhuntTests" name="livetvTest" time="15.726"/>
</testsuite> <!-- iiitd.nrl.evalapp.DailyhuntTests -->
