<?xml version="1.0" encoding="UTF-8"?>
<!-- Generated by org.testng.reporters.JUnitReportReporter -->
<testsuite ignored="0" hostname="DESKTOP-FU6EMRP" failures="0" tests="1" name="iiitd.nrl.evalapp.FlipkartTests" time="41.838" errors="0" timestamp="26 Dec 2021 19:21:44 GMT" skipped="0">
  <testcase classname="iiitd.nrl.evalapp.FlipkartTests" name="getProduct" time="41.838"/>
</testsuite> <!-- iiitd.nrl.evalapp.FlipkartTests -->
