<?xml version="1.0" encoding="UTF-8"?>
<!-- Generated by org.testng.reporters.JUnitReportReporter -->
<testsuite ignored="0" hostname="DESKTOP-L1GP92O" failures="0" tests="1" name="iiitd.nrl.evalapp.TrakBytesData" time="5.857" errors="0" timestamp="03 May 2021 12:54:15 GMT" skipped="0">
  <testcase classname="iiitd.nrl.evalapp.TrakBytesData" name="copyTrakBytes" time="5.857"/>
</testsuite> <!-- iiitd.nrl.evalapp.TrakBytesData -->
