<?xml version="1.0" encoding="UTF-8"?>
<!-- Generated by org.testng.reporters.JUnitReportReporter -->
<testsuite ignored="0" hostname="DESKTOP-FU6EMRP" failures="0" tests="1" name="iiitd.nrl.evalapp.Hotstar_PlayVid" time="39.889" errors="0" timestamp="06 Sep 2021 17:03:36 GMT" skipped="0">
  <testcase classname="iiitd.nrl.evalapp.Hotstar_PlayVid" name="playTest" time="39.889"/>
</testsuite> <!-- iiitd.nrl.evalapp.Hotstar_PlayVid -->
