<?xml version="1.0" encoding="UTF-8"?>
<!-- Generated by org.testng.reporters.JUnitReportReporter -->
<testsuite ignored="0" hostname="DESKTOP-FU6EMRP" failures="0" tests="2" name="iiitd.nrl.evalapp.DH_test" time="52.261" errors="0" timestamp="26 Aug 2021 15:11:24 GMT" skipped="0">
  <testcase classname="iiitd.nrl.evalapp.DH_test" name="copyTrakBytes" time="18.961"/>
  <testcase classname="iiitd.nrl.evalapp.DH_test" name="searchNews" time="33.300"/>
</testsuite> <!-- iiitd.nrl.evalapp.DH_test -->
