<?xml version="1.0" encoding="UTF-8"?>
<!-- Generated by org.testng.reporters.JUnitReportReporter -->
<testsuite ignored="0" hostname="DESKTOP-FU6EMRP" failures="0" tests="1" name="iiitd.nrl.evalapp.FacebookTestsP" time="62.928" errors="0" timestamp="06 Sep 2021 14:42:19 GMT" skipped="0">
  <testcase classname="iiitd.nrl.evalapp.FacebookTestsP" name="postGroup" time="62.928"/>
</testsuite> <!-- iiitd.nrl.evalapp.FacebookTestsP -->
