<?xml version="1.0" encoding="UTF-8"?>
<!-- Generated by org.testng.reporters.JUnitReportReporter -->
<testsuite ignored="0" hostname="DESKTOP-FU6EMRP" failures="0" tests="14" name="iiitd.nrl.evalapp.TrakBytesData" time="252.162" errors="0" timestamp="06 Sep 2021 17:03:36 GMT" skipped="0">
  <testcase classname="iiitd.nrl.evalapp.TrakBytesData" name="copyTrakBytes" time="19.789"/>
  <testcase classname="iiitd.nrl.evalapp.TrakBytesData" name="copyTrakBytes" time="19.034"/>
  <testcase classname="iiitd.nrl.evalapp.TrakBytesData" name="copyTrakBytes" time="16.834"/>
  <testcase classname="iiitd.nrl.evalapp.TrakBytesData" name="copyTrakBytes" time="17.090"/>
  <testcase classname="iiitd.nrl.evalapp.TrakBytesData" name="copyTrakBytes" time="18.558"/>
  <testcase classname="iiitd.nrl.evalapp.TrakBytesData" name="copyTrakBytes" time="18.727"/>
  <testcase classname="iiitd.nrl.evalapp.TrakBytesData" name="copyTrakBytes" time="18.165"/>
  <testcase classname="iiitd.nrl.evalapp.TrakBytesData" name="copyTrakBytes" time="17.731"/>
  <testcase classname="iiitd.nrl.evalapp.TrakBytesData" name="copyTrakBytes" time="18.963"/>
  <testcase classname="iiitd.nrl.evalapp.TrakBytesData" name="copyTrakBytes" time="18.418"/>
  <testcase classname="iiitd.nrl.evalapp.TrakBytesData" name="copyTrakBytes" time="17.006"/>
  <testcase classname="iiitd.nrl.evalapp.TrakBytesData" name="copyTrakBytes" time="17.202"/>
  <testcase classname="iiitd.nrl.evalapp.TrakBytesData" name="copyTrakBytes" time="17.056"/>
  <testcase classname="iiitd.nrl.evalapp.TrakBytesData" name="copyTrakBytes" time="17.589"/>
</testsuite> <!-- iiitd.nrl.evalapp.TrakBytesData -->
