<?xml version="1.0" encoding="UTF-8"?>
<!-- Generated by org.testng.reporters.JUnitReportReporter -->
<testsuite ignored="0" hostname="DESKTOP-GOFIGQT" failures="0" tests="2" name="iiitd.nrl.evalapp.YouTubeTest_SearchChannel" time="61.413" errors="0" timestamp="11 Mar 2021 07:30:38 GMT" skipped="0">
  <testcase classname="iiitd.nrl.evalapp.YouTubeTest_SearchChannel" name="playTest" time="33.553"/>
  <testcase classname="iiitd.nrl.evalapp.YouTubeTest_SearchChannel" name="channelTest" time="27.860"/>
</testsuite> <!-- iiitd.nrl.evalapp.YouTubeTest_SearchChannel -->
