<?xml version="1.0" encoding="UTF-8"?>
<!-- Generated by org.testng.reporters.JUnitReportReporter -->
<testsuite ignored="0" hostname="DESKTOP-FU6EMRP" failures="0" tests="1" name="iiitd.nrl.evalapp.PingUpload" time="0.002" errors="0" timestamp="27 Aug 2021 10:13:34 GMT" skipped="0">
  <testcase classname="iiitd.nrl.evalapp.PingUpload" name="dummyTest" time="0.002"/>
</testsuite> <!-- iiitd.nrl.evalapp.PingUpload -->
