<?xml version="1.0" encoding="UTF-8"?>
<!-- Generated by org.testng.reporters.JUnitReportReporter -->
<testsuite ignored="0" hostname="LAPTOP-GLU95BCM" failures="0" tests="2" name="iiitd.nrl.evalapp.DailyhuntTests" time="44.593" errors="0" timestamp="26 Nov 2020 10:36:05 GMT" skipped="0">
  <testcase classname="iiitd.nrl.evalapp.DailyhuntTests" name="searchNews" time="23.128"/>
  <testcase classname="iiitd.nrl.evalapp.DailyhuntTests" name="livetvTest" time="21.465"/>
</testsuite> <!-- iiitd.nrl.evalapp.DailyhuntTests -->
